d:\c++\guerrila-war-sdl\x64\debug\vc142.pdb
d:\c++\guerrila-war-sdl\x64\debug\vc142.idb
d:\c++\guerrila-war-sdl\x64\debug\spritesheet.obj
d:\c++\guerrila-war-sdl\x64\debug\rupia.obj
d:\c++\guerrila-war-sdl\x64\debug\player.obj
d:\c++\guerrila-war-sdl\x64\debug\pajaro.obj
d:\c++\guerrila-war-sdl\x64\debug\game.obj
d:\c++\guerrila-war-sdl\x64\debug\main.obj
d:\c++\guerrila-war-sdl\x64\debug\gallina.obj
d:\c++\guerrila-war-sdl\x64\debug\cuadrado.obj
d:\c++\guerrila-war-sdl\x64\debug\corazon.obj
d:\c++\guerrila-war-sdl\x64\debug\color.obj
d:\c++\guerrila-war-sdl\x64\debug\camera.obj
d:\c++\guerrila-war-sdl\x64\debug\button.obj
d:\c++\guerrila-war-sdl\x64\debug\avestruz.obj
d:\c++\guerrila-war-sdl\x64\debug\almacen.obj
d:\c++\guerrila-war-sdl\x64\debug\sdlhw.ilk
d:\c++\guerrila-war-sdl\x64\debug\sdlhw.exe
d:\c++\guerrila-war-sdl\x64\debug\sdlhw.pdb
d:\c++\guerrila-war-sdl\x64\debug\sdlhw.tlog\cl.command.1.tlog
d:\c++\guerrila-war-sdl\x64\debug\sdlhw.tlog\cl.read.1.tlog
d:\c++\guerrila-war-sdl\x64\debug\sdlhw.tlog\cl.write.1.tlog
d:\c++\guerrila-war-sdl\x64\debug\sdlhw.tlog\link.command.1.tlog
d:\c++\guerrila-war-sdl\x64\debug\sdlhw.tlog\link.read.1.tlog
d:\c++\guerrila-war-sdl\x64\debug\sdlhw.tlog\link.write.1.tlog
